Running tests on a test flinger device
Loading environment variables
Using environment file: tf_snapd_cm3_refresh
Deleting test flinger data
Creating job for snapd using a device
Running testflinger client
Submitting job to testflinger
JOB_ID: 1ad798d8-2715-4635-8b8d-506e46cb9494
Print job: /var/snap/testflinger-cli/current/job.yaml 
job_queue: dragonboard
global_timeout: 36000
provision_data:
    channel: stable
test_data:
    test_cmds: |
        #!/bin/bash
        sudo apt update || ps aux | grep apt
        sudo apt install -y git curl sshpass
        git clone https://github.com/sergiocazzolato/snappy-qa-jobs.git
        (cd snappy-qa-jobs && git checkout master)
        git clone https://git.launchpad.net/snapd-vendor snapd
        (cd snapd && git checkout master)
        . snapd/tests/lib/external/prepare-ssh.sh "{device_ip}" "22" "ubuntu"
        . snappy-qa-jobs/scripts/utils/register_device.sh "{device_ip}" "22" "test" "ubuntu" "sergiocazzolato@yahoo.com.ar"
        . snappy-qa-jobs/scripts/utils/refresh.sh "{device_ip}" "22" "test" "ubuntu" "stable" "edge"
        . snappy-qa-jobs/scripts/utils/run_setup.sh "{device_ip}" "22" "test" "ubuntu" ""
        . snappy-qa-jobs/scripts/utils/get_spread.sh
        . snappy-qa-jobs/scripts/utils/run_spread.sh "{device_ip}" "22" "snapd" "external:ubuntu-core-16-arm-64:tests/" "" "tests/main/auto-refresh,tests/main/interfaces-content" "-v"
Showing job data
This job is currently waiting on a node to become available. You will see no further output until the job starts running.
*******************************************
* Starting setup phase on dragonboard-002 *

*******************************************
Cleaning up container if it exists...
Error response from daemon: No such container: dragonboard002
***********************************************
* Starting provision phase on dragonboard-002 *

***********************************************
Install python-logstash if you want to use logstash logging
2018-07-26 10:31:53,829 dragonboard_002 INFO: BEGIN provision
2018-07-26 10:31:53,829 dragonboard_002 INFO: Booting Master Image
2018-07-26 10:31:53,829 dragonboard_002 INFO: Making sure the master image is booted
2018-07-26 10:31:53,830 dragonboard_002 INFO: Checking if test image booted.
2018-07-26 10:31:54,832 dragonboard_002 INFO: Running ssh -o StrictHostKeyChecking=no -o UserKnownHostsFile=/dev/null ubuntu@10.101.51.12 sudo sgdisk -o /dev/mmcblk1
Warning: Permanently added '10.101.51.12' (ECDSA) to the list of known hosts.
Warning: The kernel is still using the old partition table.
The new table will be used at the next reboot or after you
run partprobe(8) or kpartx(8)
The operation has completed successfully.
2018-07-26 10:31:57,816 dragonboard_002 INFO: Running ssh -o StrictHostKeyChecking=no -o UserKnownHostsFile=/dev/null ubuntu@10.101.51.12 sudo sync
Warning: Permanently added '10.101.51.12' (ECDSA) to the list of known hosts.
2018-07-26 10:31:59,541 dragonboard_002 INFO: Running snmpset -c private -v1 10.101.48.13 .1.3.6.1.4.1.318.1.1.12.3.3.1.1.4.2 i 2
iso.3.6.1.4.1.318.1.1.12.3.3.1.1.4.2 = INTEGER: 2
2018-07-26 10:31:59,660 dragonboard_002 INFO: Running sleep 10
2018-07-26 10:32:09,685 dragonboard_002 INFO: Running snmpset -c private -v1 10.101.48.13 .1.3.6.1.4.1.318.1.1.12.3.3.1.1.4.2 i 1
iso.3.6.1.4.1.318.1.1.12.3.3.1.1.4.2 = INTEGER: 1
2018-07-26 10:32:19,814 dragonboard_002 INFO: Checking if master image booted.
2018-07-26 10:35:15,668 dragonboard_002 INFO: Flashing Test Image
2018-07-26 10:35:16,084 dragonboard_002 INFO: Running: nc 10.101.50.22 42694| gunzip| sudo dd of=/dev/mmcblk1 bs=16M
2018-07-26 10:36:18,022 dragonboard_002 INFO: Creating Test User
Warning: Permanently added '10.101.51.12' (ECDSA) to the list of known hosts.
2018-07-26 10:36:20,606 dragonboard_002 INFO: Booting Test Image
2018-07-26 10:36:20,606 dragonboard_002 INFO: Booting the test image
/usr/bin/ssh-copy-id: INFO: Source of key(s) to be installed: "/home/ubuntu/.ssh/id_rsa.pub"
/usr/bin/ssh-copy-id: INFO: attempting to log in with the new key(s), to filter out any that are already installed
/usr/bin/ssh-copy-id: INFO: 1 key(s) remain to be installed -- if you are prompted now it is to install the new keys
Warning: Permanently added '10.101.51.12' (ECDSA) to the list of known hosts.

Number of key(s) added: 1

Now try logging into the machine, with:   "ssh -o 'StrictHostKeyChecking=no' -o 'UserKnownHostsFile=/dev/null' 'ubuntu@10.101.51.12'"
and check to make sure that only the key(s) you wanted were added.

2018-07-26 10:37:33,066 dragonboard_002 INFO: Checking if test image booted.
2018-07-26 10:37:33,788 dragonboard_002 INFO: END provision
******************************************
* Starting test phase on dragonboard-002 *

******************************************
docker: Error response from daemon: containerd: container not started.
complete
